\BOOKMARK [2][-]{section*.2}{\376\377\000T\000h\000e\000\040\000M\000u\000s\000i\000c\000\040\000S\000u\000i\000t\000e}{}% 1
\BOOKMARK [3][-]{section*.3}{\376\377\000A\000n\000\040\000e\000x\000a\000m\000p\000l\000e}{section*.2}% 2
\BOOKMARK [3][-]{section*.4}{\376\377\000I\000n\000p\000u\000t\000\040\000a\000n\000d\000\040\000o\000u\000t\000p\000u\000t}{section*.2}% 3
\BOOKMARK [3][-]{section*.5}{\376\377\000A\000\040\000n\000o\000t\000e\000\040\000o\000n\000\040\000t\000h\000e\000\040\000v\000e\000r\000s\000i\000o\000n\000i\000n\000g}{section*.2}% 4
\BOOKMARK [3][-]{section*.6}{\376\377\000M\000o\000r\000e\000\040\000i\000n\000f\000o\000r\000m\000a\000t\000i\000o\000n}{section*.2}% 5
\BOOKMARK [1][-]{section*.7}{\376\377\000G\000e\000t\000t\000i\000n\000g\000\040\000S\000t\000a\000r\000t\000e\000d}{}% 6
\BOOKMARK [2][-]{section*.8}{\376\377\000I\000n\000s\000t\000a\000l\000l\000i\000n\000g\000\040\000t\000h\000e\000\040\000S\000u\000i\000t\000e}{section*.7}% 7
\BOOKMARK [2][-]{section*.9}{\376\377\000W\000r\000i\000t\000i\000n\000g\000\040\000m\000u\000s\000i\000c}{section*.7}% 8
\BOOKMARK [3][-]{section*.10}{\376\377\000W\000i\000t\000h\000\040\000m\000u\000s\000i\000c\000\040\000f\000i\000l\000e\000s}{section*.9}% 9
\BOOKMARK [3][-]{section*.11}{\376\377\000W\000i\000t\000h\000\040\000H\000a\000s\000k\000e\000l\000l\000\040\000f\000i\000l\000e\000s}{section*.9}% 10
\BOOKMARK [2][-]{section*.12}{\376\377\000T\000i\000m\000e\000\040\000a\000n\000d\000\040\000d\000u\000r\000a\000t\000i\000o\000n}{section*.7}% 11
\BOOKMARK [2][-]{section*.13}{\376\377\000C\000o\000m\000p\000o\000s\000i\000t\000i\000o\000n}{section*.7}% 12
\BOOKMARK [2][-]{section*.14}{\376\377\000P\000i\000t\000c\000h}{section*.7}% 13
\BOOKMARK [3][-]{section*.15}{\376\377\000P\000i\000t\000c\000h\000\040\000n\000a\000m\000e\000s}{section*.14}% 14
\BOOKMARK [3][-]{section*.16}{\376\377\000I\000n\000t\000e\000r\000v\000a\000l\000\040\000n\000a\000m\000e\000s}{section*.14}% 15
\BOOKMARK [3][-]{section*.17}{\376\377\000Q\000u\000a\000l\000i\000f\000i\000e\000d\000\040\000p\000i\000t\000c\000h\000\040\000a\000n\000d\000\040\000i\000n\000t\000e\000r\000v\000a\000l\000\040\000n\000a\000m\000e\000s}{section*.14}% 16
\BOOKMARK [2][-]{section*.18}{\376\377\000D\000y\000n\000a\000m\000i\000c\000s}{section*.7}% 17
\BOOKMARK [2][-]{section*.19}{\376\377\000A\000r\000t\000i\000c\000u\000l\000a\000t\000i\000o\000n}{section*.7}% 18
\BOOKMARK [2][-]{section*.20}{\376\377\000P\000a\000r\000t\000s}{section*.7}% 19
\BOOKMARK [2][-]{section*.21}{\376\377\000S\000p\000a\000c\000e}{section*.7}% 20
\BOOKMARK [2][-]{section*.22}{\376\377\000T\000r\000e\000m\000o\000l\000o}{section*.7}% 21
\BOOKMARK [2][-]{section*.23}{\376\377\000S\000l\000i\000d\000e\000s\000\040\000a\000n\000d\000\040\000g\000l\000i\000s\000s\000a\000n\000d\000o}{section*.7}% 22
\BOOKMARK [2][-]{section*.24}{\376\377\000H\000a\000r\000m\000o\000n\000i\000c\000s}{section*.7}% 23
\BOOKMARK [2][-]{section*.25}{\376\377\000T\000e\000x\000t}{section*.7}% 24
\BOOKMARK [2][-]{section*.26}{\376\377\000C\000h\000o\000r\000d\000s}{section*.7}% 25
\BOOKMARK [2][-]{section*.27}{\376\377\000R\000e\000s\000t\000s}{section*.7}% 26
\BOOKMARK [1][-]{section*.28}{\376\377\000T\000r\000a\000n\000s\000f\000o\000r\000m\000a\000t\000i\000o\000n\000s}{}% 27
\BOOKMARK [2][-]{section*.29}{\376\377\000T\000i\000m\000e}{section*.28}% 28
\BOOKMARK [2][-]{section*.30}{\376\377\000O\000n\000s\000e\000t\000\040\000a\000n\000d\000\040\000d\000u\000r\000a\000t\000i\000o\000n}{section*.28}% 29
\BOOKMARK [2][-]{section*.31}{\376\377\000P\000i\000t\000c\000h}{section*.28}% 30
\BOOKMARK [2][-]{section*.32}{\376\377\000P\000i\000t\000c\000h\000e\000s\000\040\000a\000n\000d\000\040\000i\000n\000t\000e\000r\000v\000a\000l\000s}{section*.28}% 31
\BOOKMARK [2][-]{section*.33}{\376\377\000N\000a\000m\000e\000\040\000a\000n\000d\000\040\000a\000c\000c\000i\000d\000e\000n\000t\000a\000l}{section*.28}% 32
\BOOKMARK [2][-]{section*.34}{\376\377\000S\000p\000e\000l\000l\000i\000n\000g}{section*.28}% 33
\BOOKMARK [2][-]{section*.35}{\376\377\000Q\000u\000a\000l\000i\000t\000y\000\040\000a\000n\000d\000\040\000n\000u\000m\000b\000e\000r}{section*.28}% 34
\BOOKMARK [2][-]{section*.36}{\376\377\000I\000n\000t\000o\000n\000a\000t\000i\000o\000n}{section*.28}% 35
\BOOKMARK [2][-]{section*.37}{\376\377\000I\000n\000s\000p\000e\000c\000t\000i\000n\000g\000\040\000d\000i\000s\000s\000o\000n\000a\000n\000t\000\040\000i\000n\000t\000e\000r\000v\000a\000l\000s}{section*.28}% 36
\BOOKMARK [2][-]{section*.38}{\376\377\000S\000e\000m\000i\000t\000o\000n\000e\000s\000\040\000a\000n\000d\000\040\000e\000n\000h\000a\000r\000m\000o\000n\000i\000c\000\040\000e\000q\000u\000i\000v\000a\000l\000e\000n\000c\000e}{section*.28}% 37
\BOOKMARK [2][-]{section*.39}{\376\377\000S\000p\000e\000l\000l\000i\000n\000g}{section*.28}% 38
\BOOKMARK [2][-]{section*.40}{\376\377\000S\000c\000a\000l\000e\000s}{section*.28}% 39
\BOOKMARK [2][-]{section*.41}{\376\377\000C\000h\000o\000r\000d\000s}{section*.28}% 40
\BOOKMARK [2][-]{section*.42}{\376\377\000P\000a\000r\000t\000s}{section*.28}% 41
\BOOKMARK [2][-]{section*.43}{\376\377\000I\000n\000s\000t\000r\000u\000m\000e\000n\000t\000,\000\040\000p\000a\000r\000t\000\040\000a\000n\000d\000\040\000s\000u\000b\000-\000p\000a\000r\000t}{section*.28}% 42
\BOOKMARK [2][-]{section*.44}{\376\377\000E\000x\000t\000r\000a\000c\000t\000i\000n\000g\000\040\000a\000n\000d\000\040\000m\000o\000d\000i\000f\000y\000i\000n\000g\000\040\000p\000a\000r\000t\000s}{section*.28}% 43
\BOOKMARK [2][-]{section*.45}{\376\377\000P\000a\000r\000t\000\040\000c\000o\000m\000p\000o\000s\000i\000t\000i\000o\000n}{section*.28}% 44
\BOOKMARK [1][-]{section*.46}{\376\377\000T\000i\000m\000e\000-\000b\000a\000s\000e\000d\000\040\000s\000t\000r\000u\000c\000t\000u\000r\000e\000s}{}% 45
\BOOKMARK [2][-]{section*.47}{\376\377\000T\000i\000m\000e\000\040\000a\000n\000d\000\040\000d\000u\000r\000a\000t\000i\000o\000n}{section*.46}% 46
\BOOKMARK [2][-]{section*.48}{\376\377\000S\000p\000a\000n\000s}{section*.46}% 47
\BOOKMARK [2][-]{section*.49}{\376\377\000N\000o\000t\000e\000s}{section*.46}% 48
\BOOKMARK [2][-]{section*.50}{\376\377\000V\000o\000i\000c\000e}{section*.46}% 49
\BOOKMARK [2][-]{section*.51}{\376\377\000T\000r\000a\000c\000k\000s}{section*.46}% 50
\BOOKMARK [2][-]{section*.52}{\376\377\000S\000c\000o\000r\000e\000s}{section*.46}% 51
\BOOKMARK [1][-]{section*.53}{\376\377\000M\000e\000t\000a\000-\000i\000n\000f\000o\000r\000m\000a\000t\000i\000o\000n}{}% 52
\BOOKMARK [2][-]{section*.54}{\376\377\000T\000i\000t\000l\000e}{section*.53}% 53
\BOOKMARK [2][-]{section*.55}{\376\377\000A\000t\000t\000r\000i\000b\000u\000t\000i\000o\000n}{section*.53}% 54
\BOOKMARK [2][-]{section*.56}{\376\377\000K\000e\000y\000\040\000s\000i\000g\000n\000a\000t\000u\000r\000e\000s}{section*.53}% 55
\BOOKMARK [2][-]{section*.57}{\376\377\000T\000i\000m\000e\000\040\000s\000i\000g\000n\000a\000t\000u\000r\000e\000s}{section*.53}% 56
\BOOKMARK [2][-]{section*.58}{\376\377\000T\000e\000m\000p\000o}{section*.53}% 57
\BOOKMARK [2][-]{section*.59}{\376\377\000F\000e\000r\000m\000a\000t\000a\000s\000,\000\040\000c\000a\000e\000s\000u\000r\000a\000s\000\040\000a\000n\000d\000\040\000b\000r\000e\000a\000t\000h\000i\000n\000g\000\040\000m\000a\000r\000k\000s}{section*.53}% 58
\BOOKMARK [2][-]{section*.60}{\376\377\000R\000i\000t\000a\000r\000d\000a\000n\000d\000o\000\040\000a\000n\000d\000\040\000a\000c\000c\000e\000l\000l\000e\000r\000a\000n\000d\000o}{section*.53}% 59
\BOOKMARK [2][-]{section*.61}{\376\377\000R\000e\000h\000e\000a\000r\000s\000a\000l\000\040\000m\000a\000r\000k\000s}{section*.53}% 60
\BOOKMARK [2][-]{section*.62}{\376\377\000B\000a\000r\000l\000i\000n\000e\000s\000\040\000a\000n\000d\000\040\000r\000e\000p\000e\000a\000t\000s}{section*.53}% 61
\BOOKMARK [2][-]{section*.63}{\376\377\000C\000l\000e\000f\000s}{section*.53}% 62
\BOOKMARK [2][-]{section*.64}{\376\377\000A\000n\000n\000o\000t\000a\000t\000i\000o\000n\000s}{section*.53}% 63
\BOOKMARK [2][-]{section*.65}{\376\377\000C\000u\000s\000t\000o\000m\000\040\000m\000e\000t\000a\000-\000i\000n\000f\000o\000r\000m\000a\000t\000i\000o\000n}{section*.53}% 64
\BOOKMARK [1][-]{section*.66}{\376\377\000I\000m\000p\000o\000r\000t\000\040\000a\000n\000d\000\040\000e\000x\000p\000o\000r\000t}{}% 65
\BOOKMARK [2][-]{section*.67}{\376\377\000M\000I\000D\000I}{section*.66}% 66
\BOOKMARK [2][-]{section*.68}{\376\377\000L\000i\000l\000y\000p\000o\000n\000d}{section*.66}% 67
\BOOKMARK [2][-]{section*.69}{\376\377\000M\000u\000s\000i\000c\000X\000M\000L}{section*.66}% 68
\BOOKMARK [2][-]{section*.70}{\376\377\000A\000B\000C\000\040\000N\000o\000t\000a\000t\000i\000o\000n}{section*.66}% 69
\BOOKMARK [2][-]{section*.71}{\376\377\000G\000u\000i\000d\000o}{section*.66}% 70
\BOOKMARK [2][-]{section*.72}{\376\377\000V\000e\000x\000t\000a\000b}{section*.66}% 71
\BOOKMARK [2][-]{section*.73}{\376\377\000S\000i\000b\000e\000l\000i\000u\000s}{section*.66}% 72
\BOOKMARK [1][-]{section*.74}{\376\377\000C\000u\000s\000t\000o\000m\000i\000z\000i\000n\000g\000\040\000m\000u\000s\000i\000c\000\040\000r\000e\000p\000r\000e\000s\000e\000n\000t\000a\000t\000i\000o\000n}{}% 73
\BOOKMARK [1][-]{section*.75}{\376\377\000E\000x\000a\000m\000p\000l\000e\000s}{}% 74
\BOOKMARK [2][-]{section*.76}{\376\377\000C\000o\000u\000n\000t\000e\000r\000p\000o\000i\000n\000t}{section*.75}% 75
\BOOKMARK [2][-]{section*.77}{\376\377\000G\000e\000n\000e\000r\000a\000t\000i\000v\000e\000\040\000m\000u\000s\000i\000c}{section*.75}% 76
\BOOKMARK [2][-]{section*.78}{\376\377\000V\000i\000o\000l\000a\000\040\000d\000u\000o}{section*.75}% 77
\BOOKMARK [1][-]{section*.79}{\376\377\000D\000e\000s\000i\000g\000n\000\040\000o\000v\000e\000r\000v\000i\000e\000w}{}% 78
\BOOKMARK [2][-]{section*.80}{\376\377\000C\000o\000m\000p\000a\000b\000i\000l\000i\000t\000y\000\040\000w\000i\000t\000h\000\040\000o\000t\000h\000e\000r\000\040\000l\000i\000b\000r\000a\000r\000i\000e\000s}{section*.79}% 79
\BOOKMARK [3][-]{section*.81}{\376\377\000A\000c\000k\000n\000o\000w\000l\000e\000d\000g\000e\000m\000e\000n\000t\000s}{section*.80}% 80
